[prior-calibration] try=TFGFortyEighthTry48 device=directml dataset=CKM_Dataset_270326.h5 log_every=50
[prior-calibration] train 50/11326 valid_pixels=9903024 zero_ratio=0.253
[prior-calibration] train 100/11326 valid_pixels=19685759 zero_ratio=0.276
[prior-calibration] train 150/11326 valid_pixels=29516744 zero_ratio=0.273
[prior-calibration] train 200/11326 valid_pixels=39692334 zero_ratio=0.262
[prior-calibration] train 250/11326 valid_pixels=50187178 zero_ratio=0.258
[prior-calibration] train 300/11326 valid_pixels=59644654 zero_ratio=0.266
[prior-calibration] train 350/11326 valid_pixels=69677265 zero_ratio=0.262
[prior-calibration] train 400/11326 valid_pixels=79237163 zero_ratio=0.264
[prior-calibration] train 450/11326 valid_pixels=89521642 zero_ratio=0.261
[prior-calibration] train 500/11326 valid_pixels=99137041 zero_ratio=0.261
[prior-calibration] train 550/11326 valid_pixels=109192273 zero_ratio=0.258
[prior-calibration] train 600/11326 valid_pixels=119531664 zero_ratio=0.255
[prior-calibration] train 650/11326 valid_pixels=129420604 zero_ratio=0.256
[prior-calibration] train 700/11326 valid_pixels=139317923 zero_ratio=0.257
[prior-calibration] train 750/11326 valid_pixels=149701461 zero_ratio=0.254
[prior-calibration] train 800/11326 valid_pixels=159578661 zero_ratio=0.255
[prior-calibration] train 850/11326 valid_pixels=169559104 zero_ratio=0.256
[prior-calibration] train 900/11326 valid_pixels=179884941 zero_ratio=0.258
[prior-calibration] train 950/11326 valid_pixels=189928682 zero_ratio=0.260
[prior-calibration] train 1000/11326 valid_pixels=199426106 zero_ratio=0.261
[prior-calibration] train 1050/11326 valid_pixels=209164236 zero_ratio=0.262
[prior-calibration] train 1100/11326 valid_pixels=218984553 zero_ratio=0.262
[prior-calibration] train 1150/11326 valid_pixels=229528864 zero_ratio=0.259
[prior-calibration] train 1200/11326 valid_pixels=239398197 zero_ratio=0.261
[prior-calibration] train 1250/11326 valid_pixels=249392240 zero_ratio=0.261
[prior-calibration] train 1300/11326 valid_pixels=259281029 zero_ratio=0.261
[prior-calibration] train 1350/11326 valid_pixels=268844328 zero_ratio=0.261
[prior-calibration] train 1400/11326 valid_pixels=278783237 zero_ratio=0.262
[prior-calibration] train 1450/11326 valid_pixels=288957261 zero_ratio=0.261
[prior-calibration] train 1500/11326 valid_pixels=299105901 zero_ratio=0.260
[prior-calibration] train 1550/11326 valid_pixels=309006967 zero_ratio=0.260
[prior-calibration] train 1600/11326 valid_pixels=318879895 zero_ratio=0.262
[prior-calibration] train 1650/11326 valid_pixels=328804205 zero_ratio=0.263
[prior-calibration] train 1700/11326 valid_pixels=338946677 zero_ratio=0.263
[prior-calibration] train 1750/11326 valid_pixels=349313523 zero_ratio=0.261
[prior-calibration] train 1800/11326 valid_pixels=359399891 zero_ratio=0.261
[prior-calibration] train 1850/11326 valid_pixels=369527235 zero_ratio=0.261
[prior-calibration] train 1900/11326 valid_pixels=379470848 zero_ratio=0.261
[prior-calibration] train 1950/11326 valid_pixels=389374586 zero_ratio=0.262
[prior-calibration] train 2000/11326 valid_pixels=399135415 zero_ratio=0.262
[prior-calibration] train 2050/11326 valid_pixels=409065943 zero_ratio=0.261
[prior-calibration] train 2100/11326 valid_pixels=419221151 zero_ratio=0.261
[prior-calibration] train 2150/11326 valid_pixels=429537973 zero_ratio=0.260
[prior-calibration] train 2200/11326 valid_pixels=438934931 zero_ratio=0.262
[prior-calibration] train 2250/11326 valid_pixels=449748243 zero_ratio=0.261
[prior-calibration] train 2300/11326 valid_pixels=459619993 zero_ratio=0.261
[prior-calibration] train 2350/11326 valid_pixels=469748315 zero_ratio=0.261
[prior-calibration] train 2400/11326 valid_pixels=479980148 zero_ratio=0.261
[prior-calibration] train 2450/11326 valid_pixels=489954883 zero_ratio=0.261
[prior-calibration] train 2500/11326 valid_pixels=500248946 zero_ratio=0.261
[prior-calibration] train 2550/11326 valid_pixels=510889219 zero_ratio=0.261
[prior-calibration] train 2600/11326 valid_pixels=520801368 zero_ratio=0.261
[prior-calibration] train 2650/11326 valid_pixels=530985591 zero_ratio=0.262
[prior-calibration] train 2700/11326 valid_pixels=540921371 zero_ratio=0.263
[prior-calibration] train 2750/11326 valid_pixels=550524968 zero_ratio=0.263
[prior-calibration] train 2800/11326 valid_pixels=560789419 zero_ratio=0.263
[prior-calibration] train 2850/11326 valid_pixels=570500624 zero_ratio=0.263
[prior-calibration] train 2900/11326 valid_pixels=580914619 zero_ratio=0.263
[prior-calibration] train 2950/11326 valid_pixels=591224827 zero_ratio=0.262
[prior-calibration] train 3000/11326 valid_pixels=601385802 zero_ratio=0.261
[prior-calibration] train 3050/11326 valid_pixels=611248247 zero_ratio=0.261
[prior-calibration] train 3100/11326 valid_pixels=620799895 zero_ratio=0.262
[prior-calibration] train 3150/11326 valid_pixels=631225116 zero_ratio=0.262
[prior-calibration] train 3200/11326 valid_pixels=641344257 zero_ratio=0.262
[prior-calibration] train 3250/11326 valid_pixels=651431009 zero_ratio=0.262
[prior-calibration] train 3300/11326 valid_pixels=661608689 zero_ratio=0.261
[prior-calibration] train 3350/11326 valid_pixels=671309920 zero_ratio=0.261
[prior-calibration] train 3400/11326 valid_pixels=680958707 zero_ratio=0.261
[prior-calibration] train 3450/11326 valid_pixels=691592294 zero_ratio=0.260
[prior-calibration] train 3500/11326 valid_pixels=701693409 zero_ratio=0.260
[prior-calibration] train 3550/11326 valid_pixels=711780726 zero_ratio=0.260
[prior-calibration] train 3600/11326 valid_pixels=721867856 zero_ratio=0.261
[prior-calibration] train 3650/11326 valid_pixels=731977983 zero_ratio=0.261
[prior-calibration] train 3700/11326 valid_pixels=741654428 zero_ratio=0.261
[prior-calibration] train 3750/11326 valid_pixels=751857015 zero_ratio=0.260
[prior-calibration] train 3800/11326 valid_pixels=761953176 zero_ratio=0.260
[prior-calibration] train 3850/11326 valid_pixels=772004321 zero_ratio=0.261
[prior-calibration] train 3900/11326 valid_pixels=781874311 zero_ratio=0.261
[prior-calibration] train 3950/11326 valid_pixels=791755735 zero_ratio=0.261
[prior-calibration] train 4000/11326 valid_pixels=801603458 zero_ratio=0.261
[prior-calibration] train 4050/11326 valid_pixels=811660429 zero_ratio=0.261
[prior-calibration] train 4100/11326 valid_pixels=821845686 zero_ratio=0.261
[prior-calibration] train 4150/11326 valid_pixels=831313161 zero_ratio=0.261
[prior-calibration] train 4200/11326 valid_pixels=841569390 zero_ratio=0.261
[prior-calibration] train 4250/11326 valid_pixels=851565417 zero_ratio=0.261
[prior-calibration] train 4300/11326 valid_pixels=861025398 zero_ratio=0.262
[prior-calibration] train 4350/11326 valid_pixels=870759954 zero_ratio=0.262
[prior-calibration] train 4400/11326 valid_pixels=880546333 zero_ratio=0.262
[prior-calibration] train 4450/11326 valid_pixels=891150328 zero_ratio=0.261
[prior-calibration] train 4500/11326 valid_pixels=901370254 zero_ratio=0.261
[prior-calibration] train 4550/11326 valid_pixels=911254670 zero_ratio=0.262
[prior-calibration] train 4600/11326 valid_pixels=921083236 zero_ratio=0.262
[prior-calibration] train 4650/11326 valid_pixels=931092787 zero_ratio=0.262
[prior-calibration] train 4700/11326 valid_pixels=941394368 zero_ratio=0.262
[prior-calibration] train 4750/11326 valid_pixels=951176594 zero_ratio=0.262
[prior-calibration] train 4800/11326 valid_pixels=961094630 zero_ratio=0.262
[prior-calibration] train 4850/11326 valid_pixels=971002469 zero_ratio=0.262
[prior-calibration] train 4900/11326 valid_pixels=980935968 zero_ratio=0.261
[prior-calibration] train 4950/11326 valid_pixels=990665894 zero_ratio=0.261
[prior-calibration] train 5000/11326 valid_pixels=1000498437 zero_ratio=0.261
[prior-calibration] train 5050/11326 valid_pixels=1010280090 zero_ratio=0.261
[prior-calibration] train 5100/11326 valid_pixels=1019643067 zero_ratio=0.261
[prior-calibration] train 5150/11326 valid_pixels=1029820591 zero_ratio=0.261
[prior-calibration] train 5200/11326 valid_pixels=1039628952 zero_ratio=0.261
[prior-calibration] train 5250/11326 valid_pixels=1049662653 zero_ratio=0.261
[prior-calibration] train 5300/11326 valid_pixels=1060317750 zero_ratio=0.261
[prior-calibration] train 5350/11326 valid_pixels=1070582436 zero_ratio=0.260
[prior-calibration] train 5400/11326 valid_pixels=1080481428 zero_ratio=0.261
[prior-calibration] train 5450/11326 valid_pixels=1090772586 zero_ratio=0.260
[prior-calibration] train 5500/11326 valid_pixels=1100789895 zero_ratio=0.260
[prior-calibration] train 5550/11326 valid_pixels=1110879210 zero_ratio=0.260
[prior-calibration] train 5600/11326 valid_pixels=1120728412 zero_ratio=0.260
[prior-calibration] train 5650/11326 valid_pixels=1130609218 zero_ratio=0.260
[prior-calibration] train 5700/11326 valid_pixels=1140833630 zero_ratio=0.260
[prior-calibration] train 5750/11326 valid_pixels=1150793177 zero_ratio=0.260
[prior-calibration] train 5800/11326 valid_pixels=1160603465 zero_ratio=0.260
[prior-calibration] train 5850/11326 valid_pixels=1170111248 zero_ratio=0.261
[prior-calibration] train 5900/11326 valid_pixels=1180245877 zero_ratio=0.261
[prior-calibration] train 5950/11326 valid_pixels=1190479622 zero_ratio=0.261
[prior-calibration] train 6000/11326 valid_pixels=1200425527 zero_ratio=0.260
[prior-calibration] train 6050/11326 valid_pixels=1210182776 zero_ratio=0.260
[prior-calibration] train 6100/11326 valid_pixels=1220519834 zero_ratio=0.260
[prior-calibration] train 6150/11326 valid_pixels=1230572170 zero_ratio=0.260
[prior-calibration] train 6200/11326 valid_pixels=1240724724 zero_ratio=0.260
[prior-calibration] train 6250/11326 valid_pixels=1250755583 zero_ratio=0.260
[prior-calibration] train 6300/11326 valid_pixels=1260680618 zero_ratio=0.260
[prior-calibration] train 6350/11326 valid_pixels=1270588774 zero_ratio=0.260
[prior-calibration] train 6400/11326 valid_pixels=1280556325 zero_ratio=0.260
[prior-calibration] train 6450/11326 valid_pixels=1290208641 zero_ratio=0.260
[prior-calibration] train 6500/11326 valid_pixels=1300316713 zero_ratio=0.260
[prior-calibration] train 6550/11326 valid_pixels=1310336680 zero_ratio=0.259
[prior-calibration] train 6600/11326 valid_pixels=1320374346 zero_ratio=0.260
[prior-calibration] train 6650/11326 valid_pixels=1330162710 zero_ratio=0.260
[prior-calibration] train 6700/11326 valid_pixels=1340679152 zero_ratio=0.259
[prior-calibration] train 6750/11326 valid_pixels=1350742374 zero_ratio=0.259
[prior-calibration] train 6800/11326 valid_pixels=1360809990 zero_ratio=0.259
[prior-calibration] train 6850/11326 valid_pixels=1370994539 zero_ratio=0.259
[prior-calibration] train 6900/11326 valid_pixels=1380593743 zero_ratio=0.260
[prior-calibration] train 6950/11326 valid_pixels=1390630703 zero_ratio=0.260
[prior-calibration] train 7000/11326 valid_pixels=1400156000 zero_ratio=0.260
[prior-calibration] train 7050/11326 valid_pixels=1410447999 zero_ratio=0.260
[prior-calibration] train 7100/11326 valid_pixels=1420524774 zero_ratio=0.260
[prior-calibration] train 7150/11326 valid_pixels=1431096092 zero_ratio=0.259
[prior-calibration] train 7200/11326 valid_pixels=1441062751 zero_ratio=0.259
[prior-calibration] train 7250/11326 valid_pixels=1451302188 zero_ratio=0.259
[prior-calibration] train 7300/11326 valid_pixels=1461286646 zero_ratio=0.259
[prior-calibration] train 7350/11326 valid_pixels=1471517998 zero_ratio=0.259
[prior-calibration] train 7400/11326 valid_pixels=1481508405 zero_ratio=0.259
[prior-calibration] train 7450/11326 valid_pixels=1491922621 zero_ratio=0.259
[prior-calibration] train 7500/11326 valid_pixels=1502145255 zero_ratio=0.259
[prior-calibration] train 7550/11326 valid_pixels=1512349578 zero_ratio=0.259
[prior-calibration] train 7600/11326 valid_pixels=1522236096 zero_ratio=0.259
[prior-calibration] train 7650/11326 valid_pixels=1531929825 zero_ratio=0.260
[prior-calibration] train 7700/11326 valid_pixels=1542452070 zero_ratio=0.259
[prior-calibration] train 7750/11326 valid_pixels=1552669280 zero_ratio=0.259
[prior-calibration] train 7800/11326 valid_pixels=1562383537 zero_ratio=0.259
[prior-calibration] train 7850/11326 valid_pixels=1572325911 zero_ratio=0.260
[prior-calibration] train 7900/11326 valid_pixels=1582222772 zero_ratio=0.259
[prior-calibration] train 7950/11326 valid_pixels=1591841530 zero_ratio=0.260
[prior-calibration] train 8000/11326 valid_pixels=1601799624 zero_ratio=0.260
[prior-calibration] train 8050/11326 valid_pixels=1611375310 zero_ratio=0.260
[prior-calibration] train 8100/11326 valid_pixels=1621458688 zero_ratio=0.260
[prior-calibration] train 8150/11326 valid_pixels=1631599661 zero_ratio=0.260
[prior-calibration] train 8200/11326 valid_pixels=1641469257 zero_ratio=0.260
[prior-calibration] train 8250/11326 valid_pixels=1651357187 zero_ratio=0.260
[prior-calibration] train 8300/11326 valid_pixels=1661122307 zero_ratio=0.260
[prior-calibration] train 8350/11326 valid_pixels=1670974572 zero_ratio=0.260
[prior-calibration] train 8400/11326 valid_pixels=1681388503 zero_ratio=0.260
[prior-calibration] train 8450/11326 valid_pixels=1691518830 zero_ratio=0.260
[prior-calibration] train 8500/11326 valid_pixels=1701620483 zero_ratio=0.260
[prior-calibration] train 8550/11326 valid_pixels=1711680496 zero_ratio=0.260
[prior-calibration] train 8600/11326 valid_pixels=1721256261 zero_ratio=0.260
[prior-calibration] train 8650/11326 valid_pixels=1731176450 zero_ratio=0.260
[prior-calibration] train 8700/11326 valid_pixels=1741287138 zero_ratio=0.260
[prior-calibration] train 8750/11326 valid_pixels=1751465091 zero_ratio=0.260
[prior-calibration] train 8800/11326 valid_pixels=1761443841 zero_ratio=0.260
[prior-calibration] train 8850/11326 valid_pixels=1771502354 zero_ratio=0.260
[prior-calibration] train 8900/11326 valid_pixels=1781378876 zero_ratio=0.260
[prior-calibration] train 8950/11326 valid_pixels=1791124323 zero_ratio=0.260
[prior-calibration] train 9000/11326 valid_pixels=1800818058 zero_ratio=0.261
[prior-calibration] train 9050/11326 valid_pixels=1810745374 zero_ratio=0.261
[prior-calibration] train 9100/11326 valid_pixels=1820864640 zero_ratio=0.261
[prior-calibration] train 9150/11326 valid_pixels=1830532206 zero_ratio=0.261
[prior-calibration] train 9200/11326 valid_pixels=1840090879 zero_ratio=0.261
[prior-calibration] train 9250/11326 valid_pixels=1850025945 zero_ratio=0.261
[prior-calibration] train 9300/11326 valid_pixels=1860042178 zero_ratio=0.261
[prior-calibration] train 9350/11326 valid_pixels=1869894921 zero_ratio=0.261
[prior-calibration] train 9400/11326 valid_pixels=1879781376 zero_ratio=0.261
[prior-calibration] train 9450/11326 valid_pixels=1889471060 zero_ratio=0.261
[prior-calibration] train 9500/11326 valid_pixels=1899371706 zero_ratio=0.261
[prior-calibration] train 9550/11326 valid_pixels=1909029834 zero_ratio=0.261
[prior-calibration] train 9600/11326 valid_pixels=1919263365 zero_ratio=0.261
[prior-calibration] train 9650/11326 valid_pixels=1929152754 zero_ratio=0.261
[prior-calibration] train 9700/11326 valid_pixels=1938891676 zero_ratio=0.261
[prior-calibration] train 9750/11326 valid_pixels=1948888488 zero_ratio=0.261
[prior-calibration] train 9800/11326 valid_pixels=1959179005 zero_ratio=0.261
[prior-calibration] train 9850/11326 valid_pixels=1968971365 zero_ratio=0.261
[prior-calibration] train 9900/11326 valid_pixels=1978941819 zero_ratio=0.261
[prior-calibration] train 9950/11326 valid_pixels=1989265568 zero_ratio=0.261
[prior-calibration] train 10000/11326 valid_pixels=1999123748 zero_ratio=0.261
[prior-calibration] train 10050/11326 valid_pixels=2009340993 zero_ratio=0.261
[prior-calibration] train 10100/11326 valid_pixels=2019432542 zero_ratio=0.261
[prior-calibration] train 10150/11326 valid_pixels=2029273488 zero_ratio=0.261
[prior-calibration] train 10200/11326 valid_pixels=2039427323 zero_ratio=0.261
[prior-calibration] train 10250/11326 valid_pixels=2049339911 zero_ratio=0.261
[prior-calibration] train 10300/11326 valid_pixels=2059330738 zero_ratio=0.261
[prior-calibration] train 10350/11326 valid_pixels=2069768721 zero_ratio=0.261
[prior-calibration] train 10400/11326 valid_pixels=2079992709 zero_ratio=0.261
[prior-calibration] train 10450/11326 valid_pixels=2089699237 zero_ratio=0.261
[prior-calibration] train 10500/11326 valid_pixels=2099601190 zero_ratio=0.261
[prior-calibration] train 10550/11326 valid_pixels=2109730390 zero_ratio=0.261
[prior-calibration] train 10600/11326 valid_pixels=2119341484 zero_ratio=0.261
[prior-calibration] train 10650/11326 valid_pixels=2129108606 zero_ratio=0.261
[prior-calibration] train 10700/11326 valid_pixels=2139237686 zero_ratio=0.261
[prior-calibration] train 10750/11326 valid_pixels=2149514827 zero_ratio=0.261
[prior-calibration] train 10800/11326 valid_pixels=2159911630 zero_ratio=0.261
[prior-calibration] train 10850/11326 valid_pixels=2170075702 zero_ratio=0.261
[prior-calibration] train 10900/11326 valid_pixels=2180173299 zero_ratio=0.261
[prior-calibration] train 10950/11326 valid_pixels=2189994527 zero_ratio=0.261
[prior-calibration] train 11000/11326 valid_pixels=2200035683 zero_ratio=0.261
[prior-calibration] train 11050/11326 valid_pixels=2209946977 zero_ratio=0.261
[prior-calibration] train 11100/11326 valid_pixels=2219972749 zero_ratio=0.261
[prior-calibration] train 11150/11326 valid_pixels=2229673198 zero_ratio=0.261
[prior-calibration] train 11200/11326 valid_pixels=2239686294 zero_ratio=0.261
[prior-calibration] train 11250/11326 valid_pixels=2249945717 zero_ratio=0.261
[prior-calibration] train 11300/11326 valid_pixels=2260040722 zero_ratio=0.261
[prior-calibration] train 11326/11326 valid_pixels=2265154084 zero_ratio=0.261
[prior-calibration] val 50/2427 raw_rmse=72.1537 best_so_far=24.5541
[prior-calibration] val 100/2427 raw_rmse=67.0895 best_so_far=23.1343
[prior-calibration] val 150/2427 raw_rmse=65.0314 best_so_far=22.8844
[prior-calibration] val 200/2427 raw_rmse=65.0506 best_so_far=23.1994
[prior-calibration] val 250/2427 raw_rmse=65.1996 best_so_far=23.1221
[prior-calibration] val 300/2427 raw_rmse=66.3286 best_so_far=23.4645
[prior-calibration] val 350/2427 raw_rmse=66.0186 best_so_far=23.4453
[prior-calibration] val 400/2427 raw_rmse=66.3968 best_so_far=23.5892
[prior-calibration] val 450/2427 raw_rmse=66.4612 best_so_far=23.7315
[prior-calibration] val 500/2427 raw_rmse=66.3579 best_so_far=23.8062
[prior-calibration] val 550/2427 raw_rmse=66.4937 best_so_far=23.7829
[prior-calibration] val 600/2427 raw_rmse=66.7629 best_so_far=23.8449
[prior-calibration] val 650/2427 raw_rmse=66.8562 best_so_far=23.8716
[prior-calibration] val 700/2427 raw_rmse=66.9948 best_so_far=24.0072
[prior-calibration] val 750/2427 raw_rmse=67.3471 best_so_far=24.1534
[prior-calibration] val 800/2427 raw_rmse=67.4917 best_so_far=24.1411
[prior-calibration] val 850/2427 raw_rmse=67.6900 best_so_far=24.1819
[prior-calibration] val 900/2427 raw_rmse=67.5471 best_so_far=24.1651
[prior-calibration] val 950/2427 raw_rmse=67.7408 best_so_far=24.2304
[prior-calibration] val 1000/2427 raw_rmse=67.4854 best_so_far=24.1303
[prior-calibration] val 1050/2427 raw_rmse=67.5582 best_so_far=24.1981
[prior-calibration] val 1100/2427 raw_rmse=67.5537 best_so_far=24.1209
[prior-calibration] val 1150/2427 raw_rmse=67.6189 best_so_far=24.0641
[prior-calibration] val 1200/2427 raw_rmse=67.4895 best_so_far=24.0702
[prior-calibration] val 1250/2427 raw_rmse=67.6294 best_so_far=24.1218
[prior-calibration] val 1300/2427 raw_rmse=67.6502 best_so_far=24.1195
[prior-calibration] val 1350/2427 raw_rmse=67.6792 best_so_far=24.1031
[prior-calibration] val 1400/2427 raw_rmse=67.7636 best_so_far=24.1486
[prior-calibration] val 1450/2427 raw_rmse=67.8146 best_so_far=24.1181
[prior-calibration] val 1500/2427 raw_rmse=67.7292 best_so_far=24.0772
[prior-calibration] val 1550/2427 raw_rmse=67.5317 best_so_far=24.0092
[prior-calibration] val 1600/2427 raw_rmse=67.7061 best_so_far=24.1119
[prior-calibration] val 1650/2427 raw_rmse=67.9316 best_so_far=24.1418
[prior-calibration] val 1700/2427 raw_rmse=68.1396 best_so_far=24.2459
[prior-calibration] val 1750/2427 raw_rmse=68.1491 best_so_far=24.2148
[prior-calibration] val 1800/2427 raw_rmse=68.0398 best_so_far=24.2050
[prior-calibration] val 1850/2427 raw_rmse=67.9345 best_so_far=24.2015
[prior-calibration] val 1900/2427 raw_rmse=67.9452 best_so_far=24.2264
[prior-calibration] val 1950/2427 raw_rmse=67.8572 best_so_far=24.2198
[prior-calibration] val 2000/2427 raw_rmse=67.7956 best_so_far=24.1990
[prior-calibration] val 2050/2427 raw_rmse=67.7540 best_so_far=24.1744
[prior-calibration] val 2100/2427 raw_rmse=67.6383 best_so_far=24.1150
[prior-calibration] val 2150/2427 raw_rmse=67.7032 best_so_far=24.1439
[prior-calibration] val 2200/2427 raw_rmse=67.7496 best_so_far=24.1758
[prior-calibration] val 2250/2427 raw_rmse=67.6942 best_so_far=24.1344
[prior-calibration] val 2300/2427 raw_rmse=67.7538 best_so_far=24.1200
[prior-calibration] val 2350/2427 raw_rmse=67.8358 best_so_far=24.1458
[prior-calibration] val 2400/2427 raw_rmse=67.8771 best_so_far=24.1569
[prior-calibration] val 2427/2427 raw_rmse=67.9603 best_so_far=24.1777
{
  "try_dir": "C:\\TFG\\TFGpractice\\TFGFortyEighthTry48",
  "config": "C:\\TFG\\TFGpractice\\TFGFortyEighthTry48\\experiments\\fortyeighthtry48_pmnet_prior_gan\\fortyeighthtry48_pmnet_prior_gan.yaml",
  "dataset": "C:\\TFG\\TFGpractice\\Datasets\\CKM_Dataset_270326.h5",
  "support": {
    "train_valid_pixels": 2265154084,
    "train_zero_pixels": 590665125,
    "train_zero_ratio": 0.26076156548121165,
    "val_valid_pixels": 485380287,
    "val_zero_pixels": 124935435,
    "val_zero_ratio": 0.25739701085141103
  },
  "regimes": {
    "density_q1": 0.1956760965207146,
    "density_q2": 0.2549084200418514,
    "height_q1": 10.913664557109195,
    "height_q2": 15.950557886832314,
    "ant_q1": 58.12179183959961,
    "ant_q2": 103.85484313964844
  },
  "results": {
    "raw_prior": {
      "count": 485380287,
      "rmse_db": 67.96032203992708,
      "mae_db": 43.472853762266546
    },
    "global_affine": {
      "count": 485380287,
      "rmse_db": 25.704506381703812,
      "mae_db": 15.96111467249603
    },
    "city_type_affine": {
      "count": 485380287,
      "rmse_db": 25.701402033131917,
      "mae_db": 15.945437712073682
    },
    "city_type_los_affine": {
      "count": 485380287,
      "rmse_db": 24.36487772489388,
      "mae_db": 13.088280156720055
    },
    "city_type_los_ant_affine": {
      "count": 485380287,
      "rmse_db": 24.19780054339917,
      "mae_db": 12.804921602589069
    },
    "city_type_los_ant_quadratic": {
      "count": 485380287,
      "rmse_db": 24.177700078398182,
      "mae_db": 12.763683437423882
    },
    "global_affine_support_scaled": {
      "count": 485380287,
      "rmse_db": 33.152184797648644,
      "mae_db": 27.621122576183296
    },
    "city_type_los_affine_support_scaled": {
      "count": 485380287,
      "rmse_db": 26.234700048376496,
      "mae_db": 9.88634613580693
    },
    "city_type_los_ant_affine_support_scaled": {
      "count": 485380287,
      "rmse_db": 26.12296033161704,
      "mae_db": 9.69216509020538
    },
    "city_type_los_ant_quadratic_support_scaled": {
      "count": 485380287,
      "rmse_db": 26.112943334656368,
      "mae_db": 9.65999531955009
    }
  },
  "best": {
    "name": "city_type_los_ant_quadratic",
    "count": 485380287,
    "rmse_db": 24.177700078398182,
    "mae_db": 12.763683437423882
  }
}
