[nlos-hgbr] try=TFGFiftiethTry50 dataset=CKM_Dataset_270326.h5 sample_frac=0.010 train_subset=113/11326 val_subset=24/2427
[nlos-hgbr] train sample 10/113 rows=38962
[nlos-hgbr] train sample 20/113 rows=79922
[nlos-hgbr] train sample 30/113 rows=119854
[nlos-hgbr] train sample 40/113 rows=160814
[nlos-hgbr] train sample 50/113 rows=201774
[nlos-hgbr] train sample 60/113 rows=241641
[nlos-hgbr] train sample 70/113 rows=282601
[nlos-hgbr] train sample 80/113 rows=323561
[nlos-hgbr] train sample 90/113 rows=363154
[nlos-hgbr] train sample 100/113 rows=404114
[nlos-hgbr] train sample 110/113 rows=445074
[nlos-hgbr] train sample 113/113 rows=457362
[nlos-hgbr] val sample 10/24 overall_rmse=18.2917
[nlos-hgbr] val sample 20/24 overall_rmse=21.3444
[nlos-hgbr] val sample 24/24 overall_rmse=22.6936
{
  "try_dir": "C:\\TFG\\TFGpractice\\TFGFiftiethTry50",
  "config": "C:\\TFG\\TFGpractice\\TFGFiftiethTry50\\experiments\\fiftiethtry50_pmnet_prior_gan_fastbatch\\fiftiethtry50_pmnet_prior_stage1_widen112_initial.yaml",
  "dataset": "C:\\TFG\\TFGpractice\\Datasets\\CKM_Dataset_270326.h5",
  "train_samples": 113,
  "val_samples": 24,
  "train_nlos_pixels": 457362,
  "metrics": {
    "overall": {
      "count": 4784130,
      "rmse_db": 22.6936065992503,
      "mae_db": 11.627132300452908
    },
    "LoS": {
      "count": 3364365,
      "rmse_db": 4.707102633117654,
      "mae_db": 3.7939956604219156
    },
    "NLoS": {
      "count": 1419765,
      "rmse_db": 41.02281880521224,
      "mae_db": 30.189028636774676
    }
  },
  "model": {
    "train_r2": 0.23169738410881113,
    "max_depth": 8,
    "learning_rate": 0.06,
    "max_iter": 300
  },
  "feature_importance": {
    "prior_delta": 0.0,
    "shadow_depth": 0.0,
    "distance_since_los_break": 0.0,
    "max_blocker_height": 0.0,
    "blocker_count": 0.0,
    "distance_norm": 0.0,
    "prior_confidence": 0.0,
    "antenna_height_norm": 0.0,
    "city_density": 0.0,
    "city_height_norm": 0.0,
    "city_type_code": 0.0,
    "ant_bin_code": 0.0
  }
}
