[prior-calibration] sample_frac=0.100 train_subset=1133/11326 val_subset=243/2427
[prior-calibration] train 1/1133
[prior-calibration] train 25/1133
[prior-calibration] train 50/1133
[prior-calibration] train 75/1133
[prior-calibration] train 100/1133
[prior-calibration] train 125/1133
[prior-calibration] train 150/1133
[prior-calibration] train 175/1133
[prior-calibration] train 200/1133
[prior-calibration] train 225/1133
[prior-calibration] train 250/1133
[prior-calibration] train 275/1133
[prior-calibration] train 300/1133
[prior-calibration] train 325/1133
[prior-calibration] train 350/1133
[prior-calibration] train 375/1133
[prior-calibration] train 400/1133
[prior-calibration] train 425/1133
[prior-calibration] train 450/1133
[prior-calibration] train 475/1133
[prior-calibration] train 500/1133
[prior-calibration] train 525/1133
[prior-calibration] train 550/1133
[prior-calibration] train 575/1133
[prior-calibration] train 600/1133
[prior-calibration] train 625/1133
[prior-calibration] train 650/1133
[prior-calibration] train 675/1133
[prior-calibration] train 700/1133
[prior-calibration] train 725/1133
[prior-calibration] train 750/1133
[prior-calibration] train 775/1133
[prior-calibration] train 800/1133
[prior-calibration] train 825/1133
[prior-calibration] train 850/1133
[prior-calibration] train 875/1133
[prior-calibration] train 900/1133
[prior-calibration] train 925/1133
[prior-calibration] train 950/1133
[prior-calibration] train 975/1133
[prior-calibration] train 1000/1133
[prior-calibration] train 1025/1133
[prior-calibration] train 1050/1133
[prior-calibration] train 1075/1133
[prior-calibration] train 1100/1133
[prior-calibration] train 1125/1133
[prior-calibration] train 1133/1133
[prior-calibration] val 1/243
[prior-calibration] val 25/243
[prior-calibration] val 50/243
[prior-calibration] val 75/243
[prior-calibration] val 100/243
[prior-calibration] val 125/243
[prior-calibration] val 150/243
[prior-calibration] val 175/243
[prior-calibration] val 200/243
[prior-calibration] val 225/243
[prior-calibration] val 243/243
{
  "overall": {
    "count": 47726515,
    "rmse_db": 23.710445400606233,
    "mae_db": 12.087357661014009
  },
  "LoS": {
    "count": 31939056,
    "rmse_db": 3.3741252395792647,
    "mae_db": 2.556234000707631
  },
  "NLoS": {
    "count": 15787459,
    "rmse_db": 40.94496857184369,
    "mae_db": 31.36944049677857
  }
}
