[prior-calibration] try=TFGFiftiethTry50 device=directml dataset=CKM_Dataset_270326.h5 log_every=25 sample_frac=0.100
[prior-calibration] train_subset=1133/11326 val_subset=243/2427
[prior-calibration] train 25/1133 valid_pixels=4943122 zero_ratio=0.194
[prior-calibration] train 50/1133 valid_pixels=10476607 zero_ratio=0.215
[prior-calibration] train 75/1133 valid_pixels=16023986 zero_ratio=0.212
[prior-calibration] train 100/1133 valid_pixels=21475246 zero_ratio=0.224
[prior-calibration] train 125/1133 valid_pixels=26971509 zero_ratio=0.196
[prior-calibration] train 150/1133 valid_pixels=31105430 zero_ratio=0.221
[prior-calibration] train 175/1133 valid_pixels=35405977 zero_ratio=0.252
[prior-calibration] train 200/1133 valid_pixels=40266821 zero_ratio=0.268
[prior-calibration] train 225/1133 valid_pixels=45426086 zero_ratio=0.271
[prior-calibration] train 250/1133 valid_pixels=50682543 zero_ratio=0.269
[prior-calibration] train 275/1133 valid_pixels=55208080 zero_ratio=0.291
[prior-calibration] train 300/1133 valid_pixels=60775169 zero_ratio=0.281
[prior-calibration] train 325/1133 valid_pixels=66057995 zero_ratio=0.280
[prior-calibration] train 350/1133 valid_pixels=71306171 zero_ratio=0.279
[prior-calibration] train 375/1133 valid_pixels=76292293 zero_ratio=0.277
[prior-calibration] train 400/1133 valid_pixels=80917689 zero_ratio=0.277
[prior-calibration] train 425/1133 valid_pixels=86680650 zero_ratio=0.268
[prior-calibration] train 450/1133 valid_pixels=91777156 zero_ratio=0.268
[prior-calibration] train 475/1133 valid_pixels=96317902 zero_ratio=0.272
[prior-calibration] train 500/1133 valid_pixels=100529617 zero_ratio=0.280
[prior-calibration] train 525/1133 valid_pixels=104551347 zero_ratio=0.285
[prior-calibration] train 550/1133 valid_pixels=109882693 zero_ratio=0.281
[prior-calibration] train 575/1133 valid_pixels=114715666 zero_ratio=0.280
[prior-calibration] train 600/1133 valid_pixels=119603823 zero_ratio=0.278
[prior-calibration] train 625/1133 valid_pixels=124389318 zero_ratio=0.277
[prior-calibration] train 650/1133 valid_pixels=129199491 zero_ratio=0.276
[prior-calibration] train 675/1133 valid_pixels=134003206 zero_ratio=0.274
[prior-calibration] train 700/1133 valid_pixels=138221398 zero_ratio=0.275
[prior-calibration] train 725/1133 valid_pixels=143220109 zero_ratio=0.278
[prior-calibration] train 750/1133 valid_pixels=148191138 zero_ratio=0.280
[prior-calibration] train 775/1133 valid_pixels=152578653 zero_ratio=0.283
[prior-calibration] train 800/1133 valid_pixels=157606376 zero_ratio=0.285
[prior-calibration] train 825/1133 valid_pixels=162915056 zero_ratio=0.283
[prior-calibration] train 850/1133 valid_pixels=167622862 zero_ratio=0.285
[prior-calibration] train 875/1133 valid_pixels=172399348 zero_ratio=0.282
[prior-calibration] train 900/1133 valid_pixels=176781551 zero_ratio=0.281
[prior-calibration] train 925/1133 valid_pixels=181754276 zero_ratio=0.280
[prior-calibration] train 950/1133 valid_pixels=187064223 zero_ratio=0.281
[prior-calibration] train 975/1133 valid_pixels=192514626 zero_ratio=0.281
[prior-calibration] train 1000/1133 valid_pixels=197569920 zero_ratio=0.280
[prior-calibration] train 1025/1133 valid_pixels=202075490 zero_ratio=0.279
[prior-calibration] train 1050/1133 valid_pixels=207172530 zero_ratio=0.276
[prior-calibration] train 1075/1133 valid_pixels=212774030 zero_ratio=0.273
[prior-calibration] train 1100/1133 valid_pixels=218409737 zero_ratio=0.269
[prior-calibration] train 1125/1133 valid_pixels=224123207 zero_ratio=0.267
[prior-calibration] train 1133/1133 valid_pixels=225478079 zero_ratio=0.268
[prior-calibration] val 25/243 raw_rmse=52.8600 best_so_far=23.7841
[prior-calibration] val 50/243 raw_rmse=53.6933 best_so_far=25.0151
[prior-calibration] val 75/243 raw_rmse=52.4599 best_so_far=23.7821
[prior-calibration] val 100/243 raw_rmse=54.0367 best_so_far=23.7843
[prior-calibration] val 125/243 raw_rmse=53.0449 best_so_far=23.4402
[prior-calibration] val 150/243 raw_rmse=52.6412 best_so_far=23.2673
[prior-calibration] val 175/243 raw_rmse=54.2915 best_so_far=24.0071
[prior-calibration] val 200/243 raw_rmse=54.7625 best_so_far=24.2325
[prior-calibration] val 225/243 raw_rmse=54.5056 best_so_far=24.3882
[prior-calibration] val 243/243 raw_rmse=54.2721 best_so_far=24.1842
{
  "try_dir": "C:\\TFG\\TFGpractice\\TFGFiftiethTry50",
  "config": "C:\\TFG\\TFGpractice\\TFGFiftiethTry50\\experiments\\fiftiethtry50_pmnet_prior_gan_fastbatch\\fiftiethtry50_pmnet_prior_stage1_widen112_initial.yaml",
  "dataset": "C:\\TFG\\TFGpractice\\Datasets\\CKM_Dataset_270326.h5",
  "support": {
    "train_valid_pixels": 225478079,
    "train_zero_pixels": 60431740,
    "train_zero_ratio": 0.26801603183784445,
    "val_valid_pixels": 48655972,
    "val_zero_pixels": 12260388,
    "val_zero_ratio": 0.25198115454357795
  },
  "regimes": {
    "density_q1": 0.18555189082131843,
    "density_q2": 0.29275458368760293,
    "height_q1": 11.242444356282553,
    "height_q2": 17.163600585195752,
    "ant_q1": 56.95138931274413,
    "ant_q2": 105.80156962076823
  },
  "results": {
    "raw_prior": {
      "count": 48655972,
      "rmse_db": 54.2721306519705,
      "mae_db": 29.954559309725294
    },
    "global_affine": {
      "count": 48655972,
      "rmse_db": 34.983058437329895,
      "mae_db": 27.535500712039113
    },
    "city_type_affine": {
      "count": 48655972,
      "rmse_db": 34.87267615787885,
      "mae_db": 27.31158686059602
    },
    "city_type_los_affine": {
      "count": 48655972,
      "rmse_db": 24.330043756299403,
      "mae_db": 13.055333125603658
    },
    "city_type_los_ant_affine": {
      "count": 48655972,
      "rmse_db": 24.219017153495457,
      "mae_db": 12.977638387409142
    },
    "city_type_los_ant_quadratic": {
      "count": 48655972,
      "rmse_db": 24.184197037534428,
      "mae_db": 12.837221112272353
    },
    "global_affine_support_scaled": {
      "count": 48655972,
      "rmse_db": 40.589395938606394,
      "mae_db": 36.92557269609144
    },
    "city_type_los_affine_support_scaled": {
      "count": 48655972,
      "rmse_db": 26.390063268532234,
      "mae_db": 10.029523338566396
    },
    "city_type_los_ant_affine_support_scaled": {
      "count": 48655972,
      "rmse_db": 26.294859569745626,
      "mae_db": 9.990639655310376
    },
    "city_type_los_ant_quadratic_support_scaled": {
      "count": 48655972,
      "rmse_db": 26.267555666755367,
      "mae_db": 9.85045903017564
    }
  },
  "best": {
    "name": "city_type_los_ant_quadratic",
    "count": 48655972,
    "rmse_db": 24.184197037534428,
    "mae_db": 12.837221112272353
  }
}
