[try78-hybrid] loading new calibration from C:\TFG\TFGpractice\TFGSeventyEighthTry78\prior_out_all_refined\calibration.json
[try78-hybrid] loading embedded-old NLoS calibration from C:\TFG\TFGpractice\TFGSeventyEighthTry78\nlos_old_calibration.json
[try78-hybrid] execution device: privateuseone:0
[try78-hybrid] eval [50/4995] LoS-2ray=1.635 dB  hybrid-overall=1.679 dB
[try78-hybrid] eval [100/4995] LoS-2ray=1.731 dB  hybrid-overall=1.807 dB
[try78-hybrid] eval [150/4995] LoS-2ray=1.782 dB  hybrid-overall=1.850 dB
[try78-hybrid] eval [200/4995] LoS-2ray=1.756 dB  hybrid-overall=1.843 dB
[try78-hybrid] eval [250/4995] LoS-2ray=1.770 dB  hybrid-overall=1.855 dB
[try78-hybrid] eval [300/4995] LoS-2ray=1.773 dB  hybrid-overall=1.847 dB
[try78-hybrid] eval [350/4995] LoS-2ray=1.763 dB  hybrid-overall=1.837 dB
[try78-hybrid] eval [400/4995] LoS-2ray=1.747 dB  hybrid-overall=1.820 dB
[try78-hybrid] eval [450/4995] LoS-2ray=1.729 dB  hybrid-overall=1.812 dB
[try78-hybrid] eval [500/4995] LoS-2ray=1.738 dB  hybrid-overall=1.826 dB
[try78-hybrid] eval [550/4995] LoS-2ray=1.743 dB  hybrid-overall=1.848 dB
[try78-hybrid] eval [600/4995] LoS-2ray=1.754 dB  hybrid-overall=1.869 dB
[try78-hybrid] eval [650/4995] LoS-2ray=1.770 dB  hybrid-overall=1.893 dB
[try78-hybrid] eval [700/4995] LoS-2ray=1.758 dB  hybrid-overall=1.882 dB
[try78-hybrid] eval [750/4995] LoS-2ray=1.744 dB  hybrid-overall=1.863 dB
[try78-hybrid] eval [800/4995] LoS-2ray=1.726 dB  hybrid-overall=1.843 dB
[try78-hybrid] eval [850/4995] LoS-2ray=1.722 dB  hybrid-overall=1.840 dB
[try78-hybrid] eval [900/4995] LoS-2ray=1.711 dB  hybrid-overall=1.824 dB
[try78-hybrid] eval [950/4995] LoS-2ray=1.709 dB  hybrid-overall=1.823 dB
[try78-hybrid] eval [1000/4995] LoS-2ray=1.715 dB  hybrid-overall=1.838 dB
[try78-hybrid] eval [1050/4995] LoS-2ray=1.723 dB  hybrid-overall=1.858 dB
[try78-hybrid] eval [1100/4995] LoS-2ray=1.714 dB  hybrid-overall=1.848 dB
[try78-hybrid] eval [1150/4995] LoS-2ray=1.708 dB  hybrid-overall=1.841 dB
[try78-hybrid] eval [1200/4995] LoS-2ray=1.700 dB  hybrid-overall=1.835 dB
[try78-hybrid] eval [1250/4995] LoS-2ray=1.695 dB  hybrid-overall=1.829 dB
[try78-hybrid] eval [1300/4995] LoS-2ray=1.689 dB  hybrid-overall=1.823 dB
[try78-hybrid] eval [1350/4995] LoS-2ray=1.696 dB  hybrid-overall=1.830 dB
[try78-hybrid] eval [1400/4995] LoS-2ray=1.689 dB  hybrid-overall=1.820 dB
[try78-hybrid] eval [1450/4995] LoS-2ray=1.695 dB  hybrid-overall=1.828 dB
[try78-hybrid] eval [1500/4995] LoS-2ray=1.703 dB  hybrid-overall=1.842 dB
[try78-hybrid] eval [1550/4995] LoS-2ray=1.704 dB  hybrid-overall=1.844 dB
[try78-hybrid] eval [1600/4995] LoS-2ray=1.704 dB  hybrid-overall=1.844 dB
[try78-hybrid] eval [1650/4995] LoS-2ray=1.704 dB  hybrid-overall=1.845 dB
[try78-hybrid] eval [1700/4995] LoS-2ray=1.706 dB  hybrid-overall=1.847 dB
[try78-hybrid] eval [1750/4995] LoS-2ray=1.708 dB  hybrid-overall=1.848 dB
[try78-hybrid] eval [1800/4995] LoS-2ray=1.713 dB  hybrid-overall=1.861 dB
[try78-hybrid] eval [1850/4995] LoS-2ray=1.717 dB  hybrid-overall=1.871 dB
[try78-hybrid] eval [1900/4995] LoS-2ray=1.720 dB  hybrid-overall=1.882 dB
[try78-hybrid] eval [1950/4995] LoS-2ray=1.727 dB  hybrid-overall=1.897 dB
[try78-hybrid] eval [2000/4995] LoS-2ray=1.726 dB  hybrid-overall=1.900 dB
[try78-hybrid] eval [2050/4995] LoS-2ray=1.733 dB  hybrid-overall=1.916 dB
[try78-hybrid] eval [2100/4995] LoS-2ray=1.738 dB  hybrid-overall=1.927 dB
[try78-hybrid] eval [2150/4995] LoS-2ray=1.742 dB  hybrid-overall=1.933 dB
[try78-hybrid] eval [2200/4995] LoS-2ray=1.741 dB  hybrid-overall=1.933 dB
[try78-hybrid] eval [2250/4995] LoS-2ray=1.739 dB  hybrid-overall=1.928 dB
[try78-hybrid] eval [2300/4995] LoS-2ray=1.739 dB  hybrid-overall=1.928 dB
[try78-hybrid] eval [2350/4995] LoS-2ray=1.740 dB  hybrid-overall=1.927 dB
[try78-hybrid] eval [2400/4995] LoS-2ray=1.742 dB  hybrid-overall=1.929 dB
[try78-hybrid] eval [2450/4995] LoS-2ray=1.743 dB  hybrid-overall=1.929 dB
[try78-hybrid] eval [2500/4995] LoS-2ray=1.748 dB  hybrid-overall=1.934 dB
[try78-hybrid] eval [2550/4995] LoS-2ray=1.751 dB  hybrid-overall=1.936 dB
[try78-hybrid] eval [2600/4995] LoS-2ray=1.752 dB  hybrid-overall=1.938 dB
[try78-hybrid] eval [2650/4995] LoS-2ray=1.756 dB  hybrid-overall=1.949 dB
[try78-hybrid] eval [2700/4995] LoS-2ray=1.754 dB  hybrid-overall=1.949 dB
[try78-hybrid] eval [2750/4995] LoS-2ray=1.749 dB  hybrid-overall=1.943 dB
[try78-hybrid] eval [2800/4995] LoS-2ray=1.742 dB  hybrid-overall=1.935 dB
[try78-hybrid] eval [2850/4995] LoS-2ray=1.743 dB  hybrid-overall=1.935 dB
[try78-hybrid] eval [2900/4995] LoS-2ray=1.740 dB  hybrid-overall=1.933 dB
[try78-hybrid] eval [2950/4995] LoS-2ray=1.739 dB  hybrid-overall=1.930 dB
[try78-hybrid] eval [3000/4995] LoS-2ray=1.737 dB  hybrid-overall=1.926 dB
[try78-hybrid] eval [3050/4995] LoS-2ray=1.735 dB  hybrid-overall=1.922 dB
[try78-hybrid] eval [3100/4995] LoS-2ray=1.734 dB  hybrid-overall=1.919 dB
[try78-hybrid] eval [3150/4995] LoS-2ray=1.736 dB  hybrid-overall=1.919 dB
[try78-hybrid] eval [3200/4995] LoS-2ray=1.732 dB  hybrid-overall=1.913 dB
[try78-hybrid] eval [3250/4995] LoS-2ray=1.733 dB  hybrid-overall=1.911 dB
[try78-hybrid] eval [3300/4995] LoS-2ray=1.731 dB  hybrid-overall=1.908 dB
[try78-hybrid] eval [3350/4995] LoS-2ray=1.728 dB  hybrid-overall=1.903 dB
[try78-hybrid] eval [3400/4995] LoS-2ray=1.730 dB  hybrid-overall=1.904 dB
[try78-hybrid] eval [3450/4995] LoS-2ray=1.728 dB  hybrid-overall=1.900 dB
[try78-hybrid] eval [3500/4995] LoS-2ray=1.732 dB  hybrid-overall=1.905 dB
[try78-hybrid] eval [3550/4995] LoS-2ray=1.731 dB  hybrid-overall=1.905 dB
[try78-hybrid] eval [3600/4995] LoS-2ray=1.732 dB  hybrid-overall=1.908 dB
[try78-hybrid] eval [3650/4995] LoS-2ray=1.733 dB  hybrid-overall=1.910 dB
[try78-hybrid] eval [3700/4995] LoS-2ray=1.733 dB  hybrid-overall=1.910 dB
[try78-hybrid] eval [3750/4995] LoS-2ray=1.735 dB  hybrid-overall=1.914 dB
[try78-hybrid] eval [3800/4995] LoS-2ray=1.733 dB  hybrid-overall=1.914 dB
[try78-hybrid] eval [3850/4995] LoS-2ray=1.727 dB  hybrid-overall=1.907 dB
[try78-hybrid] eval [3900/4995] LoS-2ray=1.729 dB  hybrid-overall=1.909 dB
[try78-hybrid] eval [3950/4995] LoS-2ray=1.731 dB  hybrid-overall=1.911 dB
[try78-hybrid] eval [4000/4995] LoS-2ray=1.732 dB  hybrid-overall=1.912 dB
[try78-hybrid] eval [4050/4995] LoS-2ray=1.735 dB  hybrid-overall=1.915 dB
[try78-hybrid] eval [4100/4995] LoS-2ray=1.736 dB  hybrid-overall=1.915 dB
[try78-hybrid] eval [4150/4995] LoS-2ray=1.738 dB  hybrid-overall=1.915 dB
[try78-hybrid] eval [4200/4995] LoS-2ray=1.737 dB  hybrid-overall=1.912 dB
[try78-hybrid] eval [4250/4995] LoS-2ray=1.735 dB  hybrid-overall=1.909 dB
[try78-hybrid] eval [4300/4995] LoS-2ray=1.735 dB  hybrid-overall=1.907 dB
[try78-hybrid] eval [4350/4995] LoS-2ray=1.734 dB  hybrid-overall=1.906 dB
[try78-hybrid] eval [4400/4995] LoS-2ray=1.734 dB  hybrid-overall=1.906 dB
[try78-hybrid] eval [4450/4995] LoS-2ray=1.737 dB  hybrid-overall=1.909 dB
[try78-hybrid] eval [4500/4995] LoS-2ray=1.737 dB  hybrid-overall=1.910 dB
[try78-hybrid] eval [4550/4995] LoS-2ray=1.738 dB  hybrid-overall=1.911 dB
[try78-hybrid] eval [4600/4995] LoS-2ray=1.739 dB  hybrid-overall=1.912 dB
[try78-hybrid] eval [4650/4995] LoS-2ray=1.740 dB  hybrid-overall=1.913 dB
[try78-hybrid] eval [4700/4995] LoS-2ray=1.741 dB  hybrid-overall=1.913 dB
[try78-hybrid] eval [4750/4995] LoS-2ray=1.744 dB  hybrid-overall=1.915 dB
[try78-hybrid] eval [4800/4995] LoS-2ray=1.747 dB  hybrid-overall=1.920 dB
[try78-hybrid] eval [4850/4995] LoS-2ray=1.748 dB  hybrid-overall=1.920 dB
[try78-hybrid] eval [4900/4995] LoS-2ray=1.749 dB  hybrid-overall=1.921 dB
[try78-hybrid] eval [4950/4995] LoS-2ray=1.751 dB  hybrid-overall=1.924 dB
[try78-hybrid] summary -> C:\TFG\TFGpractice\TFGSeventyEighthTry78\hybrid_out_final_dml\hybrid_eval_summary.json
{
  "fspl_rmse_los_pw": 3.9539644994860375,
  "radial_rmse_los_pw": 3.70856484907511,
  "two_ray_rmse_los_pw": 1.7515788120972713,
  "hybrid_rmse_los_pw": 1.7515788120972713,
  "hybrid_rmse_nlos_pw": 3.3966934939557807,
  "hybrid_rmse_overall_pw": 1.9246193250484516,
  "total_valid_pixels": 788710653,
  "total_los_pixels": 729471789,
  "total_nlos_pixels": 59238864
}
